2026-04-09 16:30:18,943 — INFO — Device: cuda
2026-04-09 16:30:19,769 — INFO — Config: {'model': {'base_model': 'xlm-roberta-base', 'projection_dim': 256, 'num_classes': 3, 'max_seq_len': 128}, 'lora': {'r': 16, 'alpha': 32, 'dropout': 0.2, 'target_modules': ['query', 'key', 'value', 'dense']}, 'training': {'epochs': 30, 'batch_size': 32, 'learning_rate': 0.0001, 'weight_decay': 0.01, 'warmup_ratio': 0.1, 'scl_weight': 0.5, 'temperature': 0.1, 'seed': 42, 'max_grad_norm': 1.0, 'early_stopping_patience': 3}, 'data': {'train_split': 0.7, 'val_split': 0.15, 'test_split': 0.15, 'stratify': True}, 'paths': {'raw_data': 'data/raw/codemix_sentiment_data.txt', 'processed_dir': 'data/processed/', 'checkpoint_dir': 'outputs/checkpoints/', 'log_dir': 'outputs/logs/', 'results_dir': 'outputs/results/'}}
2026-04-09 16:30:30,880 — INFO — Train: 13907 | Val: 2980
2026-04-09 16:30:42,276 — INFO — Trainable params: 3,073,283
2026-04-09 16:30:42,292 — INFO — 
=== Epoch 1/30 ===
2026-04-09 16:34:14,760 — INFO — Train — loss: 1.1036 | scl: 1.1084 | ce: 1.0987 | acc: 0.2401
2026-04-09 16:34:14,760 — INFO — Val   — loss: 1.1167 | scl: 1.1348 | ce: 1.0986 | acc: 0.2128
2026-04-09 16:34:43,363 — INFO — New best model saved (acc=0.2128)
2026-04-09 16:35:17,978 — INFO — 
=== Epoch 2/30 ===
2026-04-09 16:38:57,154 — INFO — Train — loss: 1.1008 | scl: 1.1031 | ce: 1.0985 | acc: 0.2563
2026-04-09 16:38:57,155 — INFO — Val   — loss: 1.1150 | scl: 1.1318 | ce: 1.0981 | acc: 0.3168
2026-04-09 16:39:04,415 — INFO — New best model saved (acc=0.3168)
2026-04-09 16:39:44,426 — INFO — 
=== Epoch 3/30 ===
2026-04-09 16:43:24,991 — INFO — Train — loss: 1.0730 | scl: 1.0664 | ce: 1.0796 | acc: 0.4484
2026-04-09 16:43:24,992 — INFO — Val   — loss: 1.0501 | scl: 1.0561 | ce: 1.0440 | acc: 0.4805
2026-04-09 16:43:31,660 — INFO — New best model saved (acc=0.4805)
2026-04-09 16:44:10,391 — INFO — 
=== Epoch 4/30 ===
2026-04-09 16:47:51,332 — INFO — Train — loss: 1.0304 | scl: 1.0236 | ce: 1.0372 | acc: 0.5020
2026-04-09 16:47:51,333 — INFO — Val   — loss: 1.0299 | scl: 1.0449 | ce: 1.0148 | acc: 0.5275
2026-04-09 16:47:58,340 — INFO — New best model saved (acc=0.5275)
2026-04-09 16:48:35,309 — INFO — 
=== Epoch 5/30 ===
2026-04-09 16:52:15,584 — INFO — Train — loss: 0.9921 | scl: 0.9852 | ce: 0.9990 | acc: 0.5939
2026-04-09 16:52:15,585 — INFO — Val   — loss: 0.9572 | scl: 0.9591 | ce: 0.9553 | acc: 0.6856
2026-04-09 16:52:20,661 — INFO — New best model saved (acc=0.6856)
2026-04-09 16:52:50,217 — INFO — 
=== Epoch 6/30 ===
2026-04-09 16:56:31,348 — INFO — Train — loss: 0.9261 | scl: 0.9088 | ce: 0.9434 | acc: 0.6915
2026-04-09 16:56:31,349 — INFO — Val   — loss: 0.8930 | scl: 0.8931 | ce: 0.8930 | acc: 0.7523
2026-04-09 16:56:42,602 — INFO — New best model saved (acc=0.7523)
2026-04-09 16:57:15,769 — INFO — 
=== Epoch 7/30 ===
2026-04-09 17:00:56,776 — INFO — Train — loss: 0.8622 | scl: 0.8476 | ce: 0.8768 | acc: 0.7614
2026-04-09 17:00:56,777 — INFO — Val   — loss: 0.8421 | scl: 0.8589 | ce: 0.8252 | acc: 0.7856
2026-04-09 17:01:06,958 — INFO — New best model saved (acc=0.7856)
2026-04-09 17:01:36,390 — INFO — 
=== Epoch 8/30 ===
2026-04-09 17:05:16,898 — INFO — Train — loss: 0.8175 | scl: 0.8166 | ce: 0.8183 | acc: 0.7892
2026-04-09 17:05:16,899 — INFO — Val   — loss: 0.8115 | scl: 0.8497 | ce: 0.7732 | acc: 0.7826
2026-04-09 17:05:37,791 — INFO — 
=== Epoch 9/30 ===
2026-04-09 17:09:18,185 — INFO — Train — loss: 0.7880 | scl: 0.8082 | ce: 0.7679 | acc: 0.8056
2026-04-09 17:09:18,185 — INFO — Val   — loss: 0.7993 | scl: 0.8570 | ce: 0.7417 | acc: 0.7742
2026-04-09 17:09:40,345 — INFO — 
=== Epoch 10/30 ===
2026-04-09 17:13:21,870 — INFO — Train — loss: 0.7594 | scl: 0.7945 | ce: 0.7243 | acc: 0.8161
2026-04-09 17:13:21,870 — INFO — Val   — loss: 0.7815 | scl: 0.8533 | ce: 0.7096 | acc: 0.8047
2026-04-09 17:13:28,889 — INFO — New best model saved (acc=0.8047)
2026-04-09 17:13:59,851 — INFO — 
=== Epoch 11/30 ===
2026-04-09 17:17:41,475 — INFO — Train — loss: 0.7359 | scl: 0.7864 | ce: 0.6854 | acc: 0.8265
2026-04-09 17:17:41,476 — INFO — Val   — loss: 0.7565 | scl: 0.8426 | ce: 0.6704 | acc: 0.8017
2026-04-09 17:18:07,128 — INFO — 
=== Epoch 12/30 ===
2026-04-09 17:21:48,014 — INFO — Train — loss: 0.7118 | scl: 0.7730 | ce: 0.6507 | acc: 0.8379
2026-04-09 17:21:48,014 — INFO — Val   — loss: 0.7515 | scl: 0.8528 | ce: 0.6502 | acc: 0.8030
2026-04-09 17:21:56,310 — INFO — 
=== Epoch 13/30 ===
2026-04-09 17:25:36,457 — INFO — Train — loss: 0.6922 | scl: 0.7649 | ce: 0.6195 | acc: 0.8456
2026-04-09 17:25:36,457 — INFO — Val   — loss: 0.7426 | scl: 0.8541 | ce: 0.6312 | acc: 0.8081
2026-04-09 17:25:43,215 — INFO — New best model saved (acc=0.8081)
2026-04-09 17:25:49,579 — INFO — 
=== Epoch 14/30 ===
2026-04-09 17:29:30,576 — INFO — Train — loss: 0.6735 | scl: 0.7567 | ce: 0.5903 | acc: 0.8539
2026-04-09 17:29:30,578 — INFO — Val   — loss: 0.7469 | scl: 0.8602 | ce: 0.6336 | acc: 0.8050
2026-04-09 17:29:43,473 — INFO — 
=== Epoch 15/30 ===
2026-04-09 17:33:23,635 — INFO — Train — loss: 0.6610 | scl: 0.7539 | ce: 0.5681 | acc: 0.8585
2026-04-09 17:33:23,635 — INFO — Val   — loss: 0.7419 | scl: 0.8588 | ce: 0.6250 | acc: 0.8064
2026-04-09 17:33:31,524 — INFO — 
=== Epoch 16/30 ===
2026-04-09 17:37:11,435 — INFO — Train — loss: 0.6444 | scl: 0.7465 | ce: 0.5424 | acc: 0.8645
2026-04-09 17:37:11,435 — INFO — Val   — loss: 0.7406 | scl: 0.8687 | ce: 0.6126 | acc: 0.8030
2026-04-09 17:37:11,436 — INFO — Early stopping at epoch 16
2026-04-09 17:37:11,436 — INFO — Training complete. Best val acc: 0.8081
